e:\chess\debug\chess.exe
e:\chess\debug\chess.ilk
e:\chess\debug\chess.pdb
e:\chess\chess\debug\vc141.pdb
e:\chess\chess\debug\vc141.idb
e:\chess\chess\debug\main.obj
f:\chess\chess\debug\main.obj
f:\chess\chess\debug\vc120.idb
f:\chess\chess\debug\vc141.idb
f:\chess\chess\debug\vc120.pdb
f:\chess\chess\debug\vc141.pdb
f:\chess\debug\chess.pdb
f:\chess\debug\chess.exe
f:\chess\debug\chess.ilk
f:\chess\chess\debug\chess.tlog\cl.command.1.tlog
f:\chess\chess\debug\chess.tlog\link.command.1.tlog
f:\chess\chess\debug\chess.tlog\link.delete.1.tlog
f:\chess\chess\debug\chess.tlog\link.read.1.tlog
f:\chess\chess\debug\chess.tlog\link.write.1.tlog
f:\chess\chess\debug\chess.tlog\cl.read.1.tlog
f:\chess\chess\debug\chess.tlog\cl.write.1.tlog
